2026-03-23 04:03:42,515 [INFO] RouteMinds GTFS-RT Collector starting up...
2026-03-23 04:03:42,515 [INFO] API key loaded (first 6 chars: CynEXT...)
2026-03-23 04:03:42,515 [INFO] Output CSV: data/realtime_log.csv
2026-03-23 04:03:42,515 [INFO] Poll interval: 300s
2026-03-23 04:03:42,515 [INFO] Fetching TripUpdates.pb...
2026-03-23 04:03:42,590 [ERROR] Unexpected error: Error parsing message with type 'transit_realtime.FeedMessage'
Traceback (most recent call last):
  File "/home/yajush-afk/my_repo/roue-minds-model-training/scripts/collect_realtime.py", line 167, in main
    records = fetch_trip_updates(api_key)
              ^^^^^^^^^^^^^^^^^^^^^^^^^^^
  File "/home/yajush-afk/my_repo/roue-minds-model-training/scripts/collect_realtime.py", line 113, in fetch_trip_updates
    feed.ParseFromString(resp.content)
google.protobuf.message.DecodeError: Error parsing message with type 'transit_realtime.FeedMessage'
2026-03-23 04:03:42,590 [INFO] Sleeping 300s until next poll...
2026-03-23 04:08:49,558 [INFO] RouteMinds GTFS-RT Vehicle Position Collector starting up...
2026-03-23 04:08:49,558 [INFO] API key loaded (first 6: CynEXT...)
2026-03-23 04:08:49,558 [INFO] Output: data/realtime_log.csv  |  Poll interval: 300s
2026-03-23 04:08:49,559 [INFO] Fetching VehiclePositions.pb...
2026-03-23 04:08:49,788 [INFO] Saved 73 records (total: 73)
2026-03-23 04:08:49,788 [INFO] Sleeping 300s...
2026-03-23 04:13:49,788 [INFO] Fetching VehiclePositions.pb...
2026-03-23 04:13:49,921 [INFO] Saved 79 records (total: 152)
2026-03-23 04:13:49,922 [INFO] Sleeping 300s...
2026-03-23 04:18:49,922 [INFO] Fetching VehiclePositions.pb...
2026-03-23 04:18:50,043 [INFO] Saved 85 records (total: 237)
2026-03-23 04:18:50,043 [INFO] Sleeping 300s...
2026-03-23 04:23:50,043 [INFO] Fetching VehiclePositions.pb...
2026-03-23 04:23:50,174 [INFO] Saved 94 records (total: 331)
2026-03-23 04:23:50,174 [INFO] Sleeping 300s...
2026-03-23 04:28:07,529 [INFO] RouteMinds GTFS-RT Vehicle Position Collector starting up...
2026-03-23 04:28:07,529 [INFO] API key loaded (first 6: CynEXT...)
2026-03-23 04:28:07,529 [INFO] Output: data/realtime_log.csv  |  Poll interval: 120s
2026-03-23 04:28:07,529 [INFO] Fetching VehiclePositions.pb...
2026-03-23 04:28:07,668 [INFO] Saved 103 records (total: 103)
2026-03-23 04:28:07,668 [INFO] Sleeping 120s...
2026-03-23 04:30:07,668 [INFO] Fetching VehiclePositions.pb...
2026-03-23 04:30:07,815 [INFO] Saved 105 records (total: 208)
2026-03-23 04:30:07,815 [INFO] Sleeping 120s...
2026-03-23 04:32:07,815 [INFO] Fetching VehiclePositions.pb...
2026-03-23 04:32:07,966 [INFO] Saved 108 records (total: 316)
2026-03-23 04:32:07,966 [INFO] Sleeping 120s...
2026-03-23 04:34:07,966 [INFO] Fetching VehiclePositions.pb...
2026-03-23 04:34:08,094 [INFO] Saved 109 records (total: 425)
2026-03-23 04:34:08,095 [INFO] Sleeping 120s...
2026-03-23 04:36:08,095 [INFO] Fetching VehiclePositions.pb...
2026-03-23 04:36:08,435 [INFO] Saved 115 records (total: 540)
2026-03-23 04:36:08,435 [INFO] Sleeping 120s...
2026-03-23 04:38:08,436 [INFO] Fetching VehiclePositions.pb...
2026-03-23 04:38:08,592 [INFO] Saved 123 records (total: 663)
2026-03-23 04:38:08,592 [INFO] Sleeping 120s...
2026-03-23 04:40:08,593 [INFO] Fetching VehiclePositions.pb...
2026-03-23 04:40:08,739 [INFO] Saved 133 records (total: 796)
2026-03-23 04:40:08,739 [INFO] Sleeping 120s...
2026-03-23 04:42:08,740 [INFO] Fetching VehiclePositions.pb...
2026-03-23 04:42:08,892 [INFO] Saved 147 records (total: 943)
2026-03-23 04:42:08,892 [INFO] Sleeping 120s...
2026-03-23 04:44:08,893 [INFO] Fetching VehiclePositions.pb...
2026-03-23 04:44:09,005 [INFO] Saved 14 records (total: 957)
2026-03-23 04:44:09,005 [INFO] Sleeping 120s...
2026-03-23 04:46:09,005 [INFO] Fetching VehiclePositions.pb...
2026-03-23 04:46:09,159 [INFO] Saved 175 records (total: 1,132)
2026-03-23 04:46:09,159 [INFO] Sleeping 120s...
2026-03-23 04:48:09,159 [INFO] Fetching VehiclePositions.pb...
2026-03-23 04:48:09,320 [INFO] Saved 183 records (total: 1,315)
2026-03-23 04:48:09,320 [INFO] Sleeping 120s...
2026-03-23 04:50:09,321 [INFO] Fetching VehiclePositions.pb...
2026-03-23 04:50:09,526 [INFO] Saved 190 records (total: 1,505)
2026-03-23 04:50:09,526 [INFO] Sleeping 120s...
2026-03-23 04:52:09,526 [INFO] Fetching VehiclePositions.pb...
2026-03-23 04:52:09,692 [INFO] Saved 199 records (total: 1,704)
2026-03-23 04:52:09,692 [INFO] Sleeping 120s...
2026-03-23 04:54:09,692 [INFO] Fetching VehiclePositions.pb...
2026-03-23 04:54:09,847 [INFO] Saved 212 records (total: 1,916)
2026-03-23 04:54:09,847 [INFO] Sleeping 120s...
2026-03-23 04:56:09,847 [INFO] Fetching VehiclePositions.pb...
2026-03-23 04:56:09,990 [INFO] Saved 226 records (total: 2,142)
2026-03-23 04:56:09,990 [INFO] Sleeping 120s...
2026-03-23 04:58:09,990 [INFO] Fetching VehiclePositions.pb...
2026-03-23 04:58:10,159 [INFO] Saved 237 records (total: 2,379)
2026-03-23 04:58:10,159 [INFO] Sleeping 120s...
2026-03-23 05:00:10,159 [INFO] Fetching VehiclePositions.pb...
2026-03-23 05:00:10,322 [INFO] Saved 248 records (total: 2,627)
2026-03-23 05:00:10,322 [INFO] Sleeping 120s...
2026-03-23 05:02:10,322 [INFO] Fetching VehiclePositions.pb...
2026-03-23 05:02:10,484 [INFO] Saved 285 records (total: 2,912)
2026-03-23 05:02:10,484 [INFO] Sleeping 120s...
2026-03-23 05:04:10,485 [INFO] Fetching VehiclePositions.pb...
2026-03-23 05:04:10,660 [INFO] Saved 295 records (total: 3,207)
2026-03-23 05:04:10,661 [INFO] Sleeping 120s...
2026-03-23 05:06:10,661 [INFO] Fetching VehiclePositions.pb...
2026-03-23 05:06:10,892 [INFO] Saved 313 records (total: 3,520)
2026-03-23 05:06:10,893 [INFO] Sleeping 120s...
2026-03-23 05:08:10,893 [INFO] Fetching VehiclePositions.pb...
2026-03-23 05:08:11,060 [INFO] Saved 323 records (total: 3,843)
2026-03-23 05:08:11,060 [INFO] Sleeping 120s...
2026-03-23 05:10:11,060 [INFO] Fetching VehiclePositions.pb...
2026-03-23 05:10:11,227 [INFO] Saved 339 records (total: 4,182)
2026-03-23 05:10:11,227 [INFO] Sleeping 120s...
2026-03-23 05:12:11,227 [INFO] Fetching VehiclePositions.pb...
2026-03-23 05:12:11,414 [INFO] Saved 368 records (total: 4,550)
2026-03-23 05:12:11,414 [INFO] Sleeping 120s...
2026-03-23 05:14:11,414 [INFO] Fetching VehiclePositions.pb...
2026-03-23 05:14:11,609 [INFO] Saved 381 records (total: 4,931)
2026-03-23 05:14:11,609 [INFO] Sleeping 120s...
2026-03-23 05:16:11,609 [INFO] Fetching VehiclePositions.pb...
2026-03-23 05:16:11,793 [INFO] Saved 389 records (total: 5,320)
2026-03-23 05:16:11,793 [INFO] Sleeping 120s...
2026-03-23 05:18:11,793 [INFO] Fetching VehiclePositions.pb...
2026-03-23 05:18:11,959 [INFO] Saved 410 records (total: 5,730)
2026-03-23 05:18:11,959 [INFO] Sleeping 120s...
2026-03-23 05:19:11,727 [INFO] RouteMinds GTFS-RT Vehicle Position Collector starting up...
2026-03-23 05:19:11,727 [INFO] API key loaded (first 6: CynEXT...)
2026-03-23 05:19:11,727 [INFO] Output: data/realtime_log.csv  |  Poll interval: 60s
2026-03-23 05:19:11,728 [INFO] Fetching VehiclePositions.pb...
2026-03-23 05:19:11,881 [INFO] Saved 417 records (total: 417)
2026-03-23 05:19:11,881 [INFO] Sleeping 60s...
2026-03-23 05:20:11,881 [INFO] Fetching VehiclePositions.pb...
2026-03-23 05:20:12,118 [INFO] Saved 425 records (total: 842)
2026-03-23 05:20:12,118 [INFO] Sleeping 60s...
2026-03-23 05:21:12,119 [INFO] Fetching VehiclePositions.pb...
2026-03-23 05:21:12,312 [INFO] Saved 429 records (total: 1,271)
2026-03-23 05:21:12,312 [INFO] Sleeping 60s...
2026-03-23 05:22:12,312 [INFO] Fetching VehiclePositions.pb...
2026-03-23 05:22:12,486 [INFO] Saved 437 records (total: 1,708)
2026-03-23 05:22:12,486 [INFO] Sleeping 60s...
2026-03-23 05:23:12,487 [INFO] Fetching VehiclePositions.pb...
2026-03-23 05:23:12,688 [INFO] Saved 445 records (total: 2,153)
2026-03-23 05:23:12,688 [INFO] Sleeping 60s...
2026-03-23 05:24:12,688 [INFO] Fetching VehiclePositions.pb...
2026-03-23 05:24:12,880 [INFO] Saved 459 records (total: 2,612)
2026-03-23 05:24:12,880 [INFO] Sleeping 60s...
2026-03-23 05:25:12,880 [INFO] Fetching VehiclePositions.pb...
2026-03-23 05:25:13,059 [INFO] Saved 475 records (total: 3,087)
2026-03-23 05:25:13,059 [INFO] Sleeping 60s...
2026-03-23 05:26:13,059 [INFO] Fetching VehiclePositions.pb...
2026-03-23 05:26:13,262 [INFO] Saved 475 records (total: 3,562)
2026-03-23 05:26:13,263 [INFO] Sleeping 60s...
